https://github.com/mick/geojson-preview

> runas@0.5.4 install /private/var/folders/pj/m9dg60s913z5pb6przhsxdf80000gn/T/apm-install-dir-114731-55891-w9hduz/node_modules/geojson-preview/node_modules/pathwatcher/node_modules/runas
> node-gyp rebuild

  CXX(target) Release/obj.target/runas/src/main.o

npm http GET https://registry.npmjs.org/geojsonhint
npm http GET https://registry.npmjs.org/pathwatcher
npm http GET https://registry.npmjs.org/fs-plus
npm http GET https://registry.npmjs.org/mapbox.js
npm http GET https://registry.npmjs.org/underscore-plus
npm http 200 https://registry.npmjs.org/fs-plus
npm http 200 https://registry.npmjs.org/geojsonhint
npm http GET https://registry.npmjs.org/fs-plus/-/fs-plus-2.3.0.tgz
npm http GET https://registry.npmjs.org/geojsonhint/-/geojsonhint-0.2.2.tgz
npm http 200 https://registry.npmjs.org/mapbox.js
npm http GET https://registry.npmjs.org/mapbox.js/-/mapbox.js-1.6.4.tgz
npm http 200 https://registry.npmjs.org/underscore-plus
npm http 200 https://registry.npmjs.org/fs-plus/-/fs-plus-2.3.0.tgz
npm http 200 https://registry.npmjs.org/pathwatcher
npm http 200 https://registry.npmjs.org/geojsonhint/-/geojsonhint-0.2.2.tgz
npm http GET https://registry.npmjs.org/pathwatcher/-/pathwatcher-1.5.0.tgz
npm http 200 https://registry.npmjs.org/pathwatcher/-/pathwatcher-1.5.0.tgz
npm http 200 https://registry.npmjs.org/mapbox.js/-/mapbox.js-1.6.4.tgz
npm http GET https://registry.npmjs.org/underscore
npm http GET https://registry.npmjs.org/rimraf
npm http GET https://registry.npmjs.org/mkdirp
npm http GET https://registry.npmjs.org/async
npm http GET https://registry.npmjs.org/runas
npm http GET https://registry.npmjs.org/bindings
npm http 200 https://registry.npmjs.org/mkdirp
npm http GET https://registry.npmjs.org/nan/0.8.0
npm http GET https://registry.npmjs.org/async
npm http 200 https://registry.npmjs.org/underscore
npm http GET https://registry.npmjs.org/q
npm http GET https://registry.npmjs.org/emissary
npm http 200 https://registry.npmjs.org/rimraf
npm http 200 https://registry.npmjs.org/bindings
npm http 200 https://registry.npmjs.org/nan/0.8.0
npm http 200 https://registry.npmjs.org/async
npm http GET https://registry.npmjs.org/rimraf/-/rimraf-2.2.8.tgz
npm http GET https://registry.npmjs.org/bindings/-/bindings-1.1.1.tgz
npm http GET https://registry.npmjs.org/async/-/async-0.2.10.tgz
npm http GET https://registry.npmjs.org/nan/-/nan-0.8.0.tgz
npm http 200 https://registry.npmjs.org/async
npm http 200 https://registry.npmjs.org/q
npm http 200 https://registry.npmjs.org/emissary
npm http 200 https://registry.npmjs.org/rimraf/-/rimraf-2.2.8.tgz
npm http GET https://registry.npmjs.org/emissary/-/emissary-1.3.0.tgz
npm http 200 https://registry.npmjs.org/bindings/-/bindings-1.1.1.tgz
npm http 200 https://registry.npmjs.org/async/-/async-0.2.10.tgz
npm http 200 https://registry.npmjs.org/nan/-/nan-0.8.0.tgz
npm http 200 https://registry.npmjs.org/runas
npm http 200 https://registry.npmjs.org/emissary/-/emissary-1.3.0.tgz
npm http GET https://registry.npmjs.org/runas/-/runas-0.5.4.tgz
npm http 200 https://registry.npmjs.org/runas/-/runas-0.5.4.tgz
npm http GET https://registry.npmjs.org/colors
npm http GET https://registry.npmjs.org/jsonlint-lines
npm http GET https://registry.npmjs.org/optimist
npm http 200 https://registry.npmjs.org/colors
npm http 200 https://registry.npmjs.org/jsonlint-lines
npm http 200 https://registry.npmjs.org/optimist
npm http GET https://registry.npmjs.org/colors/-/colors-0.6.2.tgz
npm http GET https://registry.npmjs.org/jsonlint-lines/-/jsonlint-lines-1.6.0.tgz
npm http GET https://registry.npmjs.org/optimist/-/optimist-0.6.1.tgz
npm http 200 https://registry.npmjs.org/colors/-/colors-0.6.2.tgz
npm http 200 https://registry.npmjs.org/optimist/-/optimist-0.6.1.tgz
npm http 200 https://registry.npmjs.org/jsonlint-lines/-/jsonlint-lines-1.6.0.tgz
In file included from ../src/main.cc:1:
../../nan/nan.h:339:13: error: no member named 'New' in 'v8::String'
    return  _NAN_ERROR(v8::Exception::Error, errmsg);
            ^~~~~~~~~~~~~~~~~~~~~~~~~~~~~~~~~~~~~~~~
../../nan/nan.h:319:50: note: expanded from macro '_NAN_ERROR'
# define _NAN_ERROR(fun, errmsg) fun(v8::String::New(errmsg))
                                     ~~~~~~~~~~~~^
../../nan/nan.h:343:5: error: no member named 'ThrowException' in namespace 'v8'
    _NAN_THROW_ERROR(v8::Exception::Error, errmsg);
    ^~~~~~~~~~~~~~~~~~~~~~~~~~~~~~~~~~~~~~~~~~~~~~
../../nan/nan.h:324:11: note: expanded from macro '_NAN_THROW_ERROR'
      v8::ThrowException(_NAN_ERROR(fun, errmsg));                             \
      ~~~~^
../../nan/nan.h:343:5: error: no member named 'New' in 'v8::String'
    _NAN_THROW_ERROR(v8::Exception::Error, errmsg);
    ^~~~~~~~~~~~~~~~~~~~~~~~~~~~~~~~~~~~~~~~~~~~~~
../../nan/nan.h:324:26: note: expanded from macro '_NAN_THROW_ERROR'
      v8::ThrowException(_NAN_ERROR(fun, errmsg));                             \
                         ^~~~~~~~~~~~~~~~~~~~~~~
../../nan/nan.h:319:50: note: expanded from macro '_NAN_ERROR'
# define _NAN_ERROR(fun, errmsg) fun(v8::String::New(errmsg))
                                     ~~~~~~~~~~~~^
../../nan/nan.h:348:9: error: no type named 'ThrowException' in namespace 'v8'
    v8::ThrowException(error);
    ~~~~^
../../nan/nan.h:355:65: error: no member named 'New' in 'v8::String'
    v8::Local<v8::Value> err = v8::Exception::Error(v8::String::New(msg));
                                                    ~~~~~~~~~~~~^
../../nan/nan.h:357:26: error: no member named 'New' in 'v8::String'
    obj->Set(v8::String::New("code"), v8::Int32::New(errorNumber));
             ~~~~~~~~~~~~^
../../nan/nan.h:369:12: error: no member named 'New' in 'v8::String'
    return _NAN_ERROR(v8::Exception::TypeError, errmsg);
           ^~~~~~~~~~~~~~~~~~~~~~~~~~~~~~~~~~~~~~~~~~~~
../../nan/nan.h:319:50: note: expanded from macro '_NAN_ERROR'
# define _NAN_ERROR(fun, errmsg) fun(v8::String::New(errmsg))
                                     ~~~~~~~~~~~~^
../../nan/nan.h:373:5: error: no member named 'ThrowException' in namespace 'v8'
    _NAN_THROW_ERROR(v8::Exception::TypeError, errmsg);
    ^~~~~~~~~~~~~~~~~~~~~~~~~~~~~~~~~~~~~~~~~~~~~~~~~~
../../nan/nan.h:324:11: note: expanded from macro '_NAN_THROW_ERROR'
      v8::ThrowException(_NAN_ERROR(fun, errmsg));                             \
      ~~~~^
../../nan/nan.h:373:5: error: no member named 'New' in 'v8::String'
    _NAN_THROW_ERROR(v8::Exception::TypeError, errmsg);
    ^~~~~~~~~~~~~~~~~~~~~~~~~~~~~~~~~~~~~~~~~~~~~~~~~~
../../nan/nan.h:324:26: note: expanded from macro '_NAN_THROW_ERROR'
      v8::ThrowException(_NAN_ERROR(fun, errmsg));                             \
                         ^~~~~~~~~~~~~~~~~~~~~~~
../../nan/nan.h:319:50: note: expanded from macro '_NAN_ERROR'
# define _NAN_ERROR(fun, errmsg) fun(v8::String::New(errmsg))
                                     ~~~~~~~~~~~~^
../../nan/nan.h:377:12: error: no member named 'New' in 'v8::String'
    return _NAN_ERROR(v8::Exception::RangeError, errmsg);
           ^~~~~~~~~~~~~~~~~~~~~~~~~~~~~~~~~~~~~~~~~~~~~
../../nan/nan.h:319:50: note: expanded from macro '_NAN_ERROR'
# define _NAN_ERROR(fun, errmsg) fun(v8::String::New(errmsg))
                                     ~~~~~~~~~~~~^
../../nan/nan.h:381:5: error: no member named 'ThrowException' in namespace 'v8'
    _NAN_THROW_ERROR(v8::Exception::RangeError, errmsg);
    ^~~~~~~~~~~~~~~~~~~~~~~~~~~~~~~~~~~~~~~~~~~~~~~~~~~
../../nan/nan.h:324:11: note: expanded from macro '_NAN_THROW_ERROR'
      v8::ThrowException(_NAN_ERROR(fun, errmsg));                             \
      ~~~~^
../../nan/nan.h:381:5: error: no member named 'New' in 'v8::String'
    _NAN_THROW_ERROR(v8::Exception::RangeError, errmsg);
    ^~~~~~~~~~~~~~~~~~~~~~~~~~~~~~~~~~~~~~~~~~~~~~~~~~~
../../nan/nan.h:324:26: note: expanded from macro '_NAN_THROW_ERROR'
      v8::ThrowException(_NAN_ERROR(fun, errmsg));                             \
                         ^~~~~~~~~~~~~~~~~~~~~~~
../../nan/nan.h:319:50: note: expanded from macro '_NAN_ERROR'
# define _NAN_ERROR(fun, errmsg) fun(v8::String::New(errmsg))
                                     ~~~~~~~~~~~~^

../../nan/nan.h:727:49: error: too few arguments to function call, single argument 'isolate' was not specified
    v8::Local<v8::Object> obj = v8::Object::New();
                                ~~~~~~~~~~~~~~~ ^
/Users/owen/.atom/.node-gyp/.node-gyp/0.11.13/deps/v8/include/v8.h:2372:3: note: 'New' declared here
  static Local<Object> New(Isolate* isolate);
  ^
In file included from ../src/main.cc:1:
../../nan/nan.h:733:49: error: too few arguments to function call, single argument 'isolate' was not specified
    v8::Local<v8::Object> obj = v8::Object::New();
                                ~~~~~~~~~~~~~~~ ^
/Users/owen/.atom/.node-gyp/.node-gyp/0.11.13/deps/v8/include/v8.h:2372:3: note: 'New' declared here
  static Local<Object> New(Isolate* isolate);
  ^
In file included from ../src/main.cc:1:
../../nan/nan.h:740:12: error: no member named 'Dispose' in 'v8::Persistent<v8::Object, v8::NonCopyablePersistentTraits<v8::Object> >'
    handle.Dispose();
    ~~~~~~ ^
../../nan/nan.h:741:12: error: no member named 'Clear' in 'v8::Persistent<v8::Object, v8::NonCopyablePersistentTraits<v8::Object> >'
    handle.Clear();
    ~~~~~~ ^
../../nan/nan.h:746:39: error: no member named 'NewSymbol' in 'v8::String'; did you mean 'IsSymbol'?
    NanPersistentToLocal(handle)->Set(NanSymbol("callback"), fn);
                                      ^~~~~~~~~~~~~~~~~~~~~
../../nan/nan.h:181:38: note: expanded from macro 'NanSymbol'
#define NanSymbol(value) v8::String::NewSymbol(value)
                         ~~~~~~~~~~~~^
/Users/owen/.atom/.node-gyp/.node-gyp/0.11.13/deps/v8/include/v8.h:1356:8: note: 'IsSymbol' declared here
  bool IsSymbol() const;
       ^
In file included from ../src/main.cc:1:
../../nan/nan.h:746:39: error: call to non-static member function without an object argument
    NanPersistentToLocal(handle)->Set(NanSymbol("callback"), fn);
                                      ^~~~~~~~~~~~~~~~~~~~~
../../nan/nan.h:181:38: note: expanded from macro 'NanSymbol'
#define NanSymbol(value) v8::String::NewSymbol(value)
                         ~~~~~~~~~~~~^~~~~~~~~
../../nan/nan.h:750:46: error: no member named 'NewSymbol' in 'v8::String'; did you mean 'IsSymbol'?
    return NanPersistentToLocal(handle)->Get(NanSymbol("callback"))
                                             ^~~~~~~~~~~~~~~~~~~~~
../../nan/nan.h:181:38: note: expanded from macro 'NanSymbol'
#define NanSymbol(value) v8::String::NewSymbol(value)
                         ~~~~~~~~~~~~^
/Users/owen/.atom/.node-gyp/.node-gyp/0.11.13/deps/v8/include/v8.h:1356:8: note: 'IsSymbol' declared here
  bool IsSymbol() const;
       ^
fatal error: too many errors emitted, stopping now [-ferror-limit=]
20 errors generated.
make: *** [Release/obj.target/runas/src/main.o] Error 1
gyp ERR! build error 
gyp ERR! stack Error: `make` failed with exit code: 2
gyp ERR! stack     at ChildProcess.onExit (/Applications/Atom.app/Contents/Resources/app/apm/node_modules/atom-package-manager/node_modules/npm/node_modules/node-gyp/lib/build.js:267:23)
gyp ERR! stack     at ChildProcess.EventEmitter.emit (events.js:98:17)
gyp ERR! stack     at Process.ChildProcess._handle.onexit (child_process.js:797:12)
gyp ERR! System Darwin 13.3.0
gyp ERR! command "node" "/Applications/Atom.app/Contents/Resources/app/apm/node_modules/atom-package-manager/node_modules/npm/node_modules/node-gyp/bin/node-gyp.js" "rebuild"
gyp ERR! cwd /private/var/folders/pj/m9dg60s913z5pb6przhsxdf80000gn/T/apm-install-dir-114731-55891-w9hduz/node_modules/geojson-preview/node_modules/pathwatcher/node_modules/runas
gyp ERR! node -v v0.10.26
gyp ERR! node-gyp -v v0.12.2
gyp ERR! not ok 
npm http GET https://registry.npmjs.org/mixto
npm http GET https://registry.npmjs.org/property-accessors
npm http 200 https://registry.npmjs.org/mixto
npm http 200 https://registry.npmjs.org/property-accessors
npm http GET https://registry.npmjs.org/wordwrap
npm http GET https://registry.npmjs.org/minimist
npm http 200 https://registry.npmjs.org/wordwrap
npm http 200 https://registry.npmjs.org/minimist
npm http GET https://registry.npmjs.org/wordwrap/-/wordwrap-0.0.2.tgz
npm http GET https://registry.npmjs.org/minimist/-/minimist-0.0.10.tgz
npm http 200 https://registry.npmjs.org/wordwrap/-/wordwrap-0.0.2.tgz
npm http 200 https://registry.npmjs.org/minimist/-/minimist-0.0.10.tgz
npm http GET https://registry.npmjs.org/JSV
npm http GET https://registry.npmjs.org/nomnom
npm http 200 https://registry.npmjs.org/nomnom
npm http 200 https://registry.npmjs.org/JSV
npm http GET https://registry.npmjs.org/underscore
npm http GET https://registry.npmjs.org/chalk
npm http 304 https://registry.npmjs.org/underscore
npm http 200 https://registry.npmjs.org/chalk
npm http GET https://registry.npmjs.org/has-color
npm http GET https://registry.npmjs.org/ansi-styles
npm http GET https://registry.npmjs.org/strip-ansi
npm http 200 https://registry.npmjs.org/has-color
npm http 200 https://registry.npmjs.org/ansi-styles
npm http 200 https://registry.npmjs.org/strip-ansi
npm http GET https://registry.npmjs.org/corslite/0.0.6
npm http GET https://registry.npmjs.org/leaflet/0.7.3
npm http GET https://registry.npmjs.org/mustache/0.7.3
npm http GET https://registry.npmjs.org/sanitize-caja/0.0.0
npm http 200 https://registry.npmjs.org/leaflet/0.7.3
npm http GET https://registry.npmjs.org/leaflet/-/leaflet-0.7.3.tgz
npm http 200 https://registry.npmjs.org/mustache/0.7.3
npm http GET https://registry.npmjs.org/mustache/-/mustache-0.7.3.tgz
npm http 200 https://registry.npmjs.org/corslite/0.0.6
npm http 200 https://registry.npmjs.org/sanitize-caja/0.0.0
npm http GET https://registry.npmjs.org/corslite/-/corslite-0.0.6.tgz
npm http GET https://registry.npmjs.org/sanitize-caja/-/sanitize-caja-0.0.0.tgz
npm http 200 https://registry.npmjs.org/mustache/-/mustache-0.7.3.tgz
npm http 200 https://registry.npmjs.org/leaflet/-/leaflet-0.7.3.tgz
npm http 200 https://registry.npmjs.org/corslite/-/corslite-0.0.6.tgz
npm http 200 https://registry.npmjs.org/sanitize-caja/-/sanitize-caja-0.0.0.tgz
npm ERR! runas@0.5.4 install: `node-gyp rebuild`
npm ERR! Exit status 1
npm ERR! 
npm ERR! Failed at the runas@0.5.4 install script.
npm ERR! This is most likely a problem with the runas package,
npm ERR! not with npm itself.
npm ERR! Tell the author that this fails on your system:
npm ERR!     node-gyp rebuild
npm ERR! You can get their info via:
npm ERR!     npm owner ls runas
npm ERR! There is likely additional logging output above.

npm ERR! System Darwin 13.3.0
npm ERR! command "/Applications/Atom.app/Contents/Resources/app/apm/node_modules/atom-package-manager/bin/node" "/Applications/Atom.app/Contents/Resources/app/apm/node_modules/atom-package-manager/node_modules/npm/bin/npm-cli.js" "--globalconfig" "/Applications/Atom.app/Contents/Resources/app/apm/node_modules/atom-package-manager/.apmrc" "--userconfig" "/Users/owen/.atom/.apmrc" "install" "/var/folders/pj/m9dg60s913z5pb6przhsxdf80000gn/T/d-114731-55891-1fi6tyr/package.tgz" "--target=0.11.13" "--arch=x64"
npm ERR! cwd /private/var/folders/pj/m9dg60s913z5pb6przhsxdf80000gn/T/apm-install-dir-114731-55891-w9hduz
npm ERR! node -v v0.10.26
npm ERR! npm -v 1.4.4
npm ERR! code ELIFECYCLE
npm ERR! 
npm ERR! Additional logging details can be found in:
npm ERR!     /private/var/folders/pj/m9dg60s913z5pb6przhsxdf80000gn/T/apm-install-dir-114731-55891-w9hduz/npm-debug.log
npm ERR! not ok code 0